2015-11-07 10:18:23,755 - data - INFO - start
2015-11-07 10:18:25,252 - data - INFO - ***** start heart
2015-11-07 10:18:25,254 - data - INFO - start cross val
2015-11-07 10:18:25,259 - data - INFO - end cross val
2015-11-07 10:18:25,261 - data - INFO - start cross val
2015-11-07 10:18:25,265 - data - INFO - end cross val
2015-11-07 10:18:25,267 - data - INFO - start cross val
2015-11-07 10:18:25,271 - data - INFO - end cross val
2015-11-07 10:18:25,273 - data - INFO - start cross val
2015-11-07 10:18:25,278 - data - INFO - end cross val
2015-11-07 10:18:25,280 - data - INFO - start cross val
2015-11-07 10:18:25,285 - data - INFO - end cross val
2015-11-07 10:18:25,286 - data - INFO - start cross val
2015-11-07 10:18:25,290 - data - INFO - end cross val
2015-11-07 10:18:25,292 - data - INFO - start cross val
2015-11-07 10:18:25,297 - data - INFO - end cross val
2015-11-07 10:18:25,299 - data - INFO - start cross val
2015-11-07 10:18:25,303 - data - INFO - end cross val
2015-11-07 10:18:25,305 - data - INFO - start cross val
2015-11-07 10:18:25,309 - data - INFO - end cross val
2015-11-07 10:18:25,311 - data - INFO - start cross val
2015-11-07 10:18:25,315 - data - INFO - end cross val
2015-11-07 10:18:25,317 - data - INFO - start cross val
2015-11-07 10:18:25,322 - data - INFO - end cross val
2015-11-07 10:18:25,323 - data - INFO - start cross val
2015-11-07 10:18:25,327 - data - INFO - end cross val
2015-11-07 10:18:25,329 - data - INFO - start cross val
2015-11-07 10:18:25,334 - data - INFO - end cross val
2015-11-07 10:18:25,336 - data - INFO - start cross val
2015-11-07 10:18:25,340 - data - INFO - end cross val
2015-11-07 10:18:25,342 - data - INFO - start cross val
2015-11-07 10:18:25,346 - data - INFO - end cross val
2015-11-07 10:18:25,348 - data - INFO - start cross val
2015-11-07 10:18:25,353 - data - INFO - end cross val
2015-11-07 10:18:25,355 - data - INFO - start cross val
2015-11-07 10:18:25,359 - data - INFO - end cross val
2015-11-07 10:18:25,361 - data - INFO - start cross val
2015-11-07 10:18:25,366 - data - INFO - end cross val
2015-11-07 10:18:25,368 - data - INFO - start cross val
2015-11-07 10:18:25,372 - data - INFO - end cross val
2015-11-07 10:18:25,375 - data - INFO - start cross val
2015-11-07 10:18:25,380 - data - INFO - end cross val
2015-11-07 10:18:25,382 - data - INFO - start cross val
2015-11-07 10:18:25,386 - data - INFO - end cross val
2015-11-07 10:18:25,388 - data - INFO - start cross val
2015-11-07 10:18:25,393 - data - INFO - end cross val
2015-11-07 10:18:25,395 - data - INFO - start cross val
2015-11-07 10:18:25,399 - data - INFO - end cross val
2015-11-07 10:18:25,401 - data - INFO - start cross val
2015-11-07 10:18:25,405 - data - INFO - end cross val
2015-11-07 10:18:25,407 - data - INFO - start cross val
2015-11-07 10:18:25,412 - data - INFO - end cross val
2015-11-07 10:18:25,414 - data - INFO - start cross val
2015-11-07 10:18:25,418 - data - INFO - end cross val
2015-11-07 10:18:25,420 - data - INFO - start cross val
2015-11-07 10:18:25,424 - data - INFO - end cross val
2015-11-07 10:18:25,426 - data - INFO - start cross val
2015-11-07 10:18:25,431 - data - INFO - end cross val
2015-11-07 10:18:25,433 - data - INFO - start cross val
2015-11-07 10:18:25,437 - data - INFO - end cross val
2015-11-07 10:18:25,439 - data - INFO - start cross val
2015-11-07 10:18:25,443 - data - INFO - end cross val
2015-11-07 10:18:25,445 - data - INFO - start cross val
2015-11-07 10:18:25,450 - data - INFO - end cross val
2015-11-07 10:18:25,452 - data - INFO - start cross val
2015-11-07 10:18:25,456 - data - INFO - end cross val
2015-11-07 10:18:25,458 - data - INFO - start cross val
2015-11-07 10:18:25,463 - data - INFO - end cross val
2015-11-07 10:18:25,465 - data - INFO - start cross val
2015-11-07 10:18:25,471 - data - INFO - end cross val
2015-11-07 10:18:25,473 - data - INFO - start cross val
2015-11-07 10:18:25,478 - data - INFO - end cross val
2015-11-07 10:18:25,481 - data - INFO - start cross val
2015-11-07 10:18:25,486 - data - INFO - end cross val
2015-11-07 10:18:25,488 - data - INFO - start cross val
2015-11-07 10:18:25,493 - data - INFO - end cross val
2015-11-07 10:18:25,495 - data - INFO - start cross val
2015-11-07 10:18:25,499 - data - INFO - end cross val
2015-11-07 10:18:25,501 - data - INFO - start cross val
2015-11-07 10:18:25,505 - data - INFO - end cross val
2015-11-07 10:18:25,507 - data - INFO - start cross val
2015-11-07 10:18:25,512 - data - INFO - end cross val
2015-11-07 10:18:25,514 - data - INFO - start cross val
2015-11-07 10:18:25,518 - data - INFO - end cross val
2015-11-07 10:18:25,520 - data - INFO - start cross val
2015-11-07 10:18:25,524 - data - INFO - end cross val
2015-11-07 10:18:25,527 - data - INFO - start cross val
2015-11-07 10:18:25,531 - data - INFO - end cross val
2015-11-07 10:18:25,533 - data - INFO - start cross val
2015-11-07 10:18:25,537 - data - INFO - end cross val
2015-11-07 10:18:25,539 - data - INFO - start cross val
2015-11-07 10:18:25,543 - data - INFO - end cross val
2015-11-07 10:18:25,546 - data - INFO - start cross val
2015-11-07 10:18:25,550 - data - INFO - end cross val
2015-11-07 10:18:25,552 - data - INFO - start cross val
2015-11-07 10:18:25,556 - data - INFO - end cross val
2015-11-07 10:18:25,558 - data - INFO - start cross val
2015-11-07 10:18:25,562 - data - INFO - end cross val
2015-11-07 10:18:25,565 - data - INFO - start cross val
2015-11-07 10:18:25,569 - data - INFO - end cross val
2015-11-07 10:18:25,571 - data - INFO - start cross val
2015-11-07 10:18:25,576 - data - INFO - end cross val
2015-11-07 10:18:25,578 - data - INFO - start cross val
2015-11-07 10:18:25,582 - data - INFO - end cross val
2015-11-07 10:18:25,585 - data - INFO - start cross val
2015-11-07 10:18:25,590 - data - INFO - end cross val
2015-11-07 10:18:25,593 - data - INFO - start cross val
2015-11-07 10:18:25,598 - data - INFO - end cross val
2015-11-07 10:18:25,600 - data - INFO - start cross val
2015-11-07 10:18:25,606 - data - INFO - end cross val
2015-11-07 10:18:25,608 - data - INFO - start cross val
2015-11-07 10:18:25,614 - data - INFO - end cross val
2015-11-07 10:18:25,616 - data - INFO - start cross val
2015-11-07 10:18:25,622 - data - INFO - end cross val
2015-11-07 10:18:25,624 - data - INFO - start cross val
2015-11-07 10:18:25,630 - data - INFO - end cross val
2015-11-07 10:18:25,632 - data - INFO - start cross val
2015-11-07 10:18:25,641 - data - INFO - end cross val
2015-11-07 10:18:25,645 - data - INFO - start cross val
2015-11-07 10:18:25,652 - data - INFO - end cross val
2015-11-07 10:18:25,655 - data - INFO - start cross val
2015-11-07 10:18:25,662 - data - INFO - end cross val
2015-11-07 10:18:25,667 - data - INFO - start cross val
2015-11-07 10:18:25,674 - data - INFO - end cross val
2015-11-07 10:18:25,677 - data - INFO - start cross val
2015-11-07 10:18:25,687 - data - INFO - end cross val
2015-11-07 10:18:25,690 - data - INFO - start cross val
2015-11-07 10:18:25,698 - data - INFO - end cross val
2015-11-07 10:18:25,703 - data - INFO - start cross val
2015-11-07 10:18:25,711 - data - INFO - end cross val
2015-11-07 10:18:25,715 - data - INFO - start cross val
2015-11-07 10:18:25,725 - data - INFO - end cross val
2015-11-07 10:18:25,728 - data - INFO - start cross val
2015-11-07 10:18:25,737 - data - INFO - end cross val
2015-11-07 10:18:25,741 - data - INFO - start cross val
2015-11-07 10:18:25,749 - data - INFO - end cross val
2015-11-07 10:18:25,754 - data - INFO - start cross val
2015-11-07 10:18:25,761 - data - INFO - end cross val
2015-11-07 10:18:25,764 - data - INFO - start cross val
2015-11-07 10:18:25,774 - data - INFO - end cross val
2015-11-07 10:18:25,777 - data - INFO - start cross val
2015-11-07 10:18:25,786 - data - INFO - end cross val
2015-11-07 10:18:25,790 - data - INFO - start cross val
2015-11-07 10:18:25,798 - data - INFO - end cross val
2015-11-07 10:18:25,801 - data - INFO - start cross val
2015-11-07 10:18:25,810 - data - INFO - end cross val
2015-11-07 10:18:25,814 - data - INFO - start cross val
2015-11-07 10:18:25,822 - data - INFO - end cross val
2015-11-07 10:18:25,827 - data - INFO - start cross val
2015-11-07 10:18:25,835 - data - INFO - end cross val
2015-11-07 10:18:25,838 - data - INFO - start cross val
2015-11-07 10:18:25,847 - data - INFO - end cross val
2015-11-07 10:18:25,851 - data - INFO - start cross val
2015-11-07 10:18:25,860 - data - INFO - end cross val
2015-11-07 10:18:25,863 - data - INFO - start cross val
2015-11-07 10:18:25,868 - data - INFO - end cross val
2015-11-07 10:18:25,870 - data - INFO - start cross val
2015-11-07 10:18:25,875 - data - INFO - end cross val
2015-11-07 10:18:25,878 - data - INFO - start cross val
2015-11-07 10:18:25,884 - data - INFO - end cross val
2015-11-07 10:18:25,886 - data - INFO - start cross val
2015-11-07 10:18:25,892 - data - INFO - end cross val
2015-11-07 10:18:25,893 - data - INFO - start cross val
2015-11-07 10:18:25,898 - data - INFO - end cross val
2015-11-07 10:18:25,902 - data - INFO - start cross val
2015-11-07 10:18:25,907 - data - INFO - end cross val
2015-11-07 10:18:25,909 - data - INFO - start cross val
2015-11-07 10:18:25,915 - data - INFO - end cross val
2015-11-07 10:18:25,919 - data - INFO - start cross val
2015-11-07 10:18:25,923 - data - INFO - end cross val
2015-11-07 10:18:25,926 - data - INFO - start cross val
2015-11-07 10:18:25,931 - data - INFO - end cross val
2015-11-07 10:18:25,933 - data - INFO - start cross val
2015-11-07 10:18:25,939 - data - INFO - end cross val
2015-11-07 10:18:25,942 - data - INFO - start cross val
2015-11-07 10:18:25,948 - data - INFO - end cross val
2015-11-07 10:18:25,950 - data - INFO - start cross val
2015-11-07 10:18:25,957 - data - INFO - end cross val
2015-11-07 10:18:25,959 - data - INFO - start cross val
2015-11-07 10:18:25,965 - data - INFO - end cross val
2015-11-07 10:18:25,967 - data - INFO - start cross val
2015-11-07 10:18:25,973 - data - INFO - end cross val
2015-11-07 10:18:25,975 - data - INFO - start cross val
2015-11-07 10:18:25,981 - data - INFO - end cross val
2015-11-07 10:18:25,984 - data - INFO - start cross val
2015-11-07 10:18:25,990 - data - INFO - end cross val
2015-11-07 10:18:25,993 - data - INFO - start cross val
2015-11-07 10:18:25,998 - data - INFO - end cross val
2015-11-07 10:18:26,001 - data - INFO - start cross val
2015-11-07 10:18:26,006 - data - INFO - end cross val
2015-11-07 10:18:26,008 - data - INFO - start cross val
2015-11-07 10:18:26,016 - data - INFO - end cross val
2015-11-07 10:18:26,017 - data - INFO - start cross val
2015-11-07 10:18:26,022 - data - INFO - end cross val
2015-11-07 10:18:26,025 - data - INFO - start cross val
2015-11-07 10:18:26,031 - data - INFO - end cross val
2015-11-07 10:18:26,034 - data - INFO - start cross val
2015-11-07 10:18:26,039 - data - INFO - end cross val
2015-11-07 10:18:26,041 - data - INFO - start cross val
2015-11-07 10:18:26,048 - data - INFO - end cross val
2015-11-07 10:18:26,051 - data - INFO - start cross val
2015-11-07 10:18:26,056 - data - INFO - end cross val
2015-11-07 10:18:26,058 - data - INFO - start cross val
2015-11-07 10:18:26,064 - data - INFO - end cross val
2015-11-07 10:18:26,066 - data - INFO - start cross val
2015-11-07 10:18:26,072 - data - INFO - end cross val
2015-11-07 10:18:26,074 - data - INFO - start cross val
2015-11-07 10:18:26,080 - data - INFO - end cross val
2015-11-07 10:18:26,082 - data - INFO - start cross val
2015-11-07 10:18:26,088 - data - INFO - end cross val
2015-11-07 10:18:26,090 - data - INFO - start cross val
2015-11-07 10:18:26,095 - data - INFO - end cross val
2015-11-07 10:18:26,099 - data - INFO - start cross val
2015-11-07 10:18:26,105 - data - INFO - end cross val
2015-11-07 10:18:26,108 - data - INFO - start cross val
2015-11-07 10:18:26,113 - data - INFO - end cross val
2015-11-07 10:18:26,115 - data - INFO - start cross val
2015-11-07 10:18:26,121 - data - INFO - end cross val
2015-11-07 10:18:26,124 - data - INFO - start cross val
2015-11-07 10:18:26,130 - data - INFO - end cross val
2015-11-07 10:18:26,133 - data - INFO - start cross val
2015-11-07 10:18:26,140 - data - INFO - end cross val
2015-11-07 10:18:26,142 - data - INFO - start cross val
2015-11-07 10:18:26,147 - data - INFO - end cross val
2015-11-07 10:18:26,150 - data - INFO - start cross val
2015-11-07 10:18:26,158 - data - INFO - end cross val
2015-11-07 10:18:26,159 - data - INFO - start cross val
2015-11-07 10:18:26,165 - data - INFO - end cross val
2015-11-07 10:18:26,167 - data - INFO - start cross val
2015-11-07 10:18:26,173 - data - INFO - end cross val
2015-11-07 10:18:26,177 - data - INFO - start cross val
2015-11-07 10:18:26,183 - data - INFO - end cross val
2015-11-07 10:18:26,185 - data - INFO - start cross val
2015-11-07 10:18:26,191 - data - INFO - end cross val
2015-11-07 10:18:26,193 - data - INFO - start cross val
2015-11-07 10:18:26,200 - data - INFO - end cross val
2015-11-07 10:18:26,202 - data - INFO - start cross val
2015-11-07 10:18:26,208 - data - INFO - end cross val
2015-11-07 10:18:26,211 - data - INFO - start cross val
2015-11-07 10:18:26,219 - data - INFO - end cross val
2015-11-07 10:18:26,223 - data - INFO - start cross val
2015-11-07 10:18:26,231 - data - INFO - end cross val
2015-11-07 10:18:26,236 - data - INFO - start cross val
2015-11-07 10:18:26,244 - data - INFO - end cross val
2015-11-07 10:18:26,247 - data - INFO - start cross val
2015-11-07 10:18:26,252 - data - INFO - end cross val
2015-11-07 10:18:26,254 - data - INFO - start cross val
2015-11-07 10:18:26,262 - data - INFO - end cross val
2015-11-07 10:18:26,265 - data - INFO - start cross val
2015-11-07 10:18:26,270 - data - INFO - end cross val
2015-11-07 10:18:26,274 - data - INFO - start cross val
2015-11-07 10:18:26,282 - data - INFO - end cross val
2015-11-07 10:18:26,284 - data - INFO - start cross val
2015-11-07 10:18:26,290 - data - INFO - end cross val
2015-11-07 10:18:26,292 - data - INFO - start cross val
2015-11-07 10:18:26,301 - data - INFO - end cross val
2015-11-07 10:18:26,305 - data - INFO - start cross val
2015-11-07 10:18:26,316 - data - INFO - end cross val
2015-11-07 10:18:26,320 - data - INFO - start cross val
2015-11-07 10:18:26,330 - data - INFO - end cross val
2015-11-07 10:18:26,334 - data - INFO - start cross val
2015-11-07 10:18:26,343 - data - INFO - end cross val
2015-11-07 10:18:26,347 - data - INFO - start cross val
2015-11-07 10:18:26,358 - data - INFO - end cross val
2015-11-07 10:18:26,363 - data - INFO - start cross val
2015-11-07 10:18:26,368 - data - INFO - end cross val
2015-11-07 10:18:26,371 - data - INFO - start cross val
2015-11-07 10:18:26,379 - data - INFO - end cross val
2015-11-07 10:18:26,381 - data - INFO - start cross val
2015-11-07 10:18:26,388 - data - INFO - end cross val
2015-11-07 10:18:26,390 - data - INFO - start cross val
2015-11-07 10:18:26,398 - data - INFO - end cross val
2015-11-07 10:18:26,402 - data - INFO - start cross val
2015-11-07 10:18:26,408 - data - INFO - end cross val
2015-11-07 10:18:26,410 - data - INFO - start cross val
2015-11-07 10:18:26,416 - data - INFO - end cross val
2015-11-07 10:18:26,420 - data - INFO - start cross val
2015-11-07 10:18:26,426 - data - INFO - end cross val
2015-11-07 10:18:26,429 - data - INFO - start cross val
2015-11-07 10:18:26,435 - data - INFO - end cross val
2015-11-07 10:18:26,439 - data - INFO - start cross val
2015-11-07 10:18:26,445 - data - INFO - end cross val
2015-11-07 10:18:26,448 - data - INFO - start cross val
2015-11-07 10:18:26,456 - data - INFO - end cross val
2015-11-07 10:18:26,460 - data - INFO - start cross val
2015-11-07 10:18:26,468 - data - INFO - end cross val
2015-11-07 10:18:26,471 - data - INFO - start cross val
2015-11-07 10:18:26,478 - data - INFO - end cross val
2015-11-07 10:18:26,481 - data - INFO - start cross val
2015-11-07 10:18:26,490 - data - INFO - end cross val
2015-11-07 10:18:26,493 - data - INFO - start cross val
2015-11-07 10:18:26,502 - data - INFO - end cross val
2015-11-07 10:18:26,505 - data - INFO - start cross val
2015-11-07 10:18:26,513 - data - INFO - end cross val
2015-11-07 10:18:26,516 - data - INFO - start cross val
2015-11-07 10:18:26,525 - data - INFO - end cross val
2015-11-07 10:18:26,529 - data - INFO - start cross val
2015-11-07 10:18:26,538 - data - INFO - end cross val
2015-11-07 10:18:26,541 - data - INFO - start cross val
2015-11-07 10:18:26,548 - data - INFO - end cross val
2015-11-07 10:18:26,551 - data - INFO - start cross val
2015-11-07 10:18:26,560 - data - INFO - end cross val
2015-11-07 10:18:26,562 - data - INFO - ***** start letter
2015-11-07 10:18:26,579 - data - INFO - start cross val
2015-11-07 10:18:26,637 - data - INFO - end cross val
2016-10-31 19:34:07,238 - data - INFO - start
2016-10-31 19:34:10,909 - data - INFO - ***** start social
2016-10-31 19:34:10,909 - data - INFO - *********** loop : 0
2016-10-31 19:40:02,537 - data - INFO - start
